This file contains any messages produced by compilers while
running configure, to aid debugging if configure makes a mistake.

It was created by btree configure 1.0, which was
generated by GNU Autoconf 2.65.  Invocation command line was

  $ ./configure 

## --------- ##
## Platform. ##
## --------- ##

hostname = bf
uname -m = i686
uname -r = 2.6.32-40-generic
uname -s = Linux
uname -v = #87 SMP Sat Mar 31 10:50:21 CST 2012

/usr/bin/uname -p = unknown
/bin/uname -X     = unknown

/bin/arch              = unknown
/usr/bin/arch -k       = unknown
/usr/convex/getsysinfo = unknown
/usr/bin/hostinfo      = unknown
/bin/machine           = unknown
/usr/bin/oslevel       = unknown
/bin/universe          = unknown

PATH: /home/bf/java_workspace/jdk1.7.0_55/bin
PATH: /home/bf/java_workspace/apache-ant-1.9.4//bin
PATH: /usr/local/sbin
PATH: /usr/local/bin
PATH: /usr/sbin
PATH: /usr/bin
PATH: /sbin
PATH: /bin
PATH: /usr/games
PATH: /usr/lib/jvm/java-6-sun/bin


## ----------- ##
## Core tests. ##
## ----------- ##

configure:2251: checking for a BSD-compatible install
configure:2319: result: /usr/bin/install -c
configure:2330: checking whether build environment is sane
configure:2380: result: yes
configure:2521: checking for a thread-safe mkdir -p
configure:2560: result: /bin/mkdir -p
configure:2573: checking for gawk
configure:2589: found /usr/bin/gawk
configure:2600: result: gawk
configure:2611: checking whether make sets $(MAKE)
configure:2633: result: yes
configure:2762: checking for gcc
configure:2778: found /usr/bin/gcc
configure:2789: result: gcc
configure:3018: checking for C compiler version
configure:3027: gcc --version >&5
gcc.real (Ubuntu 4.4.3-4ubuntu5) 4.4.3
Copyright (C) 2009 Free Software Foundation, Inc.
This is free software; see the source for copying conditions.  There is NO
warranty; not even for MERCHANTABILITY or FITNESS FOR A PARTICULAR PURPOSE.

configure:3038: $? = 0
configure:3027: gcc -v >&5
Using built-in specs.
Target: i486-linux-gnu
Configured with: ../src/configure -v --with-pkgversion='Ubuntu 4.4.3-4ubuntu5' --with-bugurl=file:///usr/share/doc/gcc-4.4/README.Bugs --enable-languages=c,c++,fortran,objc,obj-c++ --prefix=/usr --enable-shared --enable-multiarch --enable-linker-build-id --with-system-zlib --libexecdir=/usr/lib --without-included-gettext --enable-threads=posix --with-gxx-include-dir=/usr/include/c++/4.4 --program-suffix=-4.4 --enable-nls --enable-clocale=gnu --enable-libstdcxx-debug --enable-plugin --enable-objc-gc --enable-targets=all --disable-werror --with-arch-32=i486 --with-tune=generic --enable-checking=release --build=i486-linux-gnu --host=i486-linux-gnu --target=i486-linux-gnu
Thread model: posix
gcc version 4.4.3 (Ubuntu 4.4.3-4ubuntu5) 
configure:3038: $? = 0
configure:3027: gcc -V >&5
gcc.real: '-V' option must have argument
configure:3038: $? = 1
configure:3027: gcc -qversion >&5
gcc.real: unrecognized option '-qversion'
gcc.real: no input files
configure:3038: $? = 1
configure:3058: checking whether the C compiler works
configure:3080: gcc -g3 -Wall -O0    conftest.c  >&5
configure:3084: $? = 0
configure:3133: result: yes
configure:3136: checking for C compiler default output file name
configure:3138: result: a.out
configure:3144: checking for suffix of executables
configure:3151: gcc -o conftest -g3 -Wall -O0    conftest.c  >&5
configure:3155: $? = 0
configure:3177: result: 
configure:3199: checking whether we are cross compiling
configure:3207: gcc -o conftest -g3 -Wall -O0    conftest.c  >&5
configure:3211: $? = 0
configure:3218: ./conftest
configure:3222: $? = 0
configure:3237: result: no
configure:3242: checking for suffix of object files
configure:3264: gcc -c -g3 -Wall -O0   conftest.c >&5
configure:3268: $? = 0
configure:3289: result: o
configure:3293: checking whether we are using the GNU C compiler
configure:3312: gcc -c -g3 -Wall -O0   conftest.c >&5
configure:3312: $? = 0
configure:3321: result: yes
configure:3330: checking whether gcc accepts -g
configure:3350: gcc -c -g  conftest.c >&5
configure:3350: $? = 0
configure:3391: result: yes
configure:3408: checking for gcc option to accept ISO C89
configure:3472: gcc  -c -g3 -Wall -O0   conftest.c >&5
configure:3472: $? = 0
configure:3485: result: none needed
configure:3516: checking for style of include used by make
configure:3544: result: GNU
configure:3569: checking dependency style of gcc
configure:3679: result: gcc3
configure:3723: checking build system type
configure:3737: result: i686-pc-linux-gnu
configure:3757: checking host system type
configure:3770: result: i686-pc-linux-gnu
configure:3790: checking for a sed that does not truncate output
configure:3854: result: /bin/sed
configure:3872: checking for grep that handles long lines and -e
configure:3930: result: /bin/grep
configure:3935: checking for egrep
configure:3997: result: /bin/grep -E
configure:4002: checking for fgrep
configure:4064: result: /bin/grep -F
configure:4099: checking for ld used by gcc
configure:4166: result: /usr/bin/ld
configure:4173: checking if the linker (/usr/bin/ld) is GNU ld
configure:4188: result: yes
configure:4200: checking for BSD- or MS-compatible name lister (nm)
configure:4249: result: /usr/bin/nm -B
configure:4367: checking the name lister (/usr/bin/nm -B) interface
configure:4374: gcc -c -g3 -Wall -O0   conftest.c >&5
configure:4377: /usr/bin/nm -B "conftest.o"
configure:4380: output
00000000 B some_variable
configure:4387: result: BSD nm
configure:4390: checking whether ln -s works
configure:4394: result: yes
configure:4402: checking the maximum length of command line arguments
configure:4522: result: 1572864
configure:4539: checking whether the shell understands some XSI constructs
configure:4549: result: yes
configure:4553: checking whether the shell understands "+="
configure:4559: result: yes
configure:4594: checking for /usr/bin/ld option to reload object files
configure:4601: result: -r
configure:4670: checking for objdump
configure:4686: found /usr/bin/objdump
configure:4697: result: objdump
configure:4729: checking how to recognize dependent libraries
configure:4925: result: pass_all
configure:4985: checking for ar
configure:5001: found /usr/bin/ar
configure:5012: result: ar
configure:5090: checking for strip
configure:5106: found /usr/bin/strip
configure:5117: result: strip
configure:5189: checking for ranlib
configure:5205: found /usr/bin/ranlib
configure:5216: result: ranlib
configure:5306: checking command to parse /usr/bin/nm -B output from gcc object
configure:5424: gcc -c -g3 -Wall -O0   conftest.c >&5
configure:5427: $? = 0
configure:5431: /usr/bin/nm -B conftest.o \| sed -n -e 's/^.*[	 ]\([ABCDGIRSTW][ABCDGIRSTW]*\)[	 ][	 ]*\([_A-Za-z][_A-Za-z0-9]*\)$/\1 \2 \2/p' \> conftest.nm
configure:5434: $? = 0
configure:5488: gcc -o conftest -g3 -Wall -O0    conftest.c conftstm.o >&5
configure:5491: $? = 0
configure:5529: result: ok
configure:6338: checking how to run the C preprocessor
configure:6369: gcc -E  conftest.c
configure:6369: $? = 0
configure:6383: gcc -E  conftest.c
conftest.c:11:28: error: ac_nonexistent.h: No such file or directory
configure:6383: $? = 1
configure: failed program was:
| /* confdefs.h */
| #define PACKAGE_NAME "btree"
| #define PACKAGE_TARNAME "btree"
| #define PACKAGE_VERSION "1.0"
| #define PACKAGE_STRING "btree 1.0"
| #define PACKAGE_BUGREPORT "baifanmvp@163.com"
| #define PACKAGE_URL ""
| #define PACKAGE "btree"
| #define VERSION "1.0"
| /* end confdefs.h.  */
| #include <ac_nonexistent.h>
configure:6408: result: gcc -E
configure:6428: gcc -E  conftest.c
configure:6428: $? = 0
configure:6442: gcc -E  conftest.c
conftest.c:11:28: error: ac_nonexistent.h: No such file or directory
configure:6442: $? = 1
configure: failed program was:
| /* confdefs.h */
| #define PACKAGE_NAME "btree"
| #define PACKAGE_TARNAME "btree"
| #define PACKAGE_VERSION "1.0"
| #define PACKAGE_STRING "btree 1.0"
| #define PACKAGE_BUGREPORT "baifanmvp@163.com"
| #define PACKAGE_URL ""
| #define PACKAGE "btree"
| #define VERSION "1.0"
| /* end confdefs.h.  */
| #include <ac_nonexistent.h>
configure:6471: checking for ANSI C header files
configure:6491: gcc -c -g3 -Wall -O0   conftest.c >&5
configure:6491: $? = 0
configure:6564: gcc -o conftest -g3 -Wall -O0    conftest.c  >&5
configure:6564: $? = 0
configure:6564: ./conftest
configure:6564: $? = 0
configure:6575: result: yes
configure:6588: checking for sys/types.h
configure:6588: gcc -c -g3 -Wall -O0   conftest.c >&5
configure:6588: $? = 0
configure:6588: result: yes
configure:6588: checking for sys/stat.h
configure:6588: gcc -c -g3 -Wall -O0   conftest.c >&5
configure:6588: $? = 0
configure:6588: result: yes
configure:6588: checking for stdlib.h
configure:6588: gcc -c -g3 -Wall -O0   conftest.c >&5
configure:6588: $? = 0
configure:6588: result: yes
configure:6588: checking for string.h
configure:6588: gcc -c -g3 -Wall -O0   conftest.c >&5
configure:6588: $? = 0
configure:6588: result: yes
configure:6588: checking for memory.h
configure:6588: gcc -c -g3 -Wall -O0   conftest.c >&5
configure:6588: $? = 0
configure:6588: result: yes
configure:6588: checking for strings.h
configure:6588: gcc -c -g3 -Wall -O0   conftest.c >&5
configure:6588: $? = 0
configure:6588: result: yes
configure:6588: checking for inttypes.h
configure:6588: gcc -c -g3 -Wall -O0   conftest.c >&5
configure:6588: $? = 0
configure:6588: result: yes
configure:6588: checking for stdint.h
configure:6588: gcc -c -g3 -Wall -O0   conftest.c >&5
configure:6588: $? = 0
configure:6588: result: yes
configure:6588: checking for unistd.h
configure:6588: gcc -c -g3 -Wall -O0   conftest.c >&5
configure:6588: $? = 0
configure:6588: result: yes
configure:6603: checking for dlfcn.h
configure:6603: gcc -c -g3 -Wall -O0   conftest.c >&5
configure:6603: $? = 0
configure:6603: result: yes
configure:6787: checking for objdir
configure:6802: result: .libs
configure:7094: checking if gcc supports -fno-rtti -fno-exceptions
configure:7112: gcc -c -g3 -Wall -O0   -fno-rtti -fno-exceptions conftest.c >&5
cc1: warning: command line option "-fno-rtti" is valid for C++/ObjC++ but not for C
configure:7116: $? = 0
configure:7129: result: no
configure:7149: checking for gcc option to produce PIC
configure:7421: result: -fPIC -DPIC
configure:7433: checking if gcc PIC flag -fPIC -DPIC works
configure:7451: gcc -c -g3 -Wall -O0   -fPIC -DPIC -DPIC conftest.c >&5
configure:7455: $? = 0
configure:7468: result: yes
configure:7492: checking if gcc static flag -static works
configure:7520: result: yes
configure:7535: checking if gcc supports -c -o file.o
configure:7556: gcc -c -g3 -Wall -O0   -o out/conftest2.o conftest.c >&5
configure:7560: $? = 0
configure:7582: result: yes
configure:7590: checking if gcc supports -c -o file.o
configure:7637: result: yes
configure:7670: checking whether the gcc linker (/usr/bin/ld) supports shared libraries
configure:8661: result: yes
configure:8698: checking whether -lc should be explicitly linked in
configure:8703: gcc -c -g3 -Wall -O0   conftest.c >&5
configure:8706: $? = 0
configure:8721: gcc -shared conftest.o  -v -Wl,-soname -Wl,conftest -o conftest 2\>\&1 \| /bin/grep  -lc  \>/dev/null 2\>\&1
configure:8724: $? = 0
configure:8736: result: no
configure:8900: checking dynamic linker characteristics
configure:9333: gcc -o conftest -g3 -Wall -O0    -Wl,-rpath -Wl,/foo conftest.c  >&5
configure:9333: $? = 0
configure:9563: result: GNU/Linux ld.so
configure:9665: checking how to hardcode library paths into programs
configure:9690: result: immediate
configure:10210: checking whether stripping libraries is possible
configure:10215: result: yes
configure:10250: checking if libtool supports shared libraries
configure:10252: result: yes
configure:10255: checking whether to build shared libraries
configure:10276: result: yes
configure:10279: checking whether to build static libraries
configure:10283: result: yes
configure:10482: creating ./config.status

## ---------------------- ##
## Running config.status. ##
## ---------------------- ##

This file was extended by btree config.status 1.0, which was
generated by GNU Autoconf 2.65.  Invocation command line was

  CONFIG_FILES    = 
  CONFIG_HEADERS  = 
  CONFIG_LINKS    = 
  CONFIG_COMMANDS = 
  $ ./config.status 

on bf

config.status:985: creating Makefile
config.status:985: creating src/Makefile
config.status:1148: executing depfiles commands
config.status:1148: executing libtool commands

## ---------------- ##
## Cache variables. ##
## ---------------- ##

ac_cv_build=i686-pc-linux-gnu
ac_cv_c_compiler_gnu=yes
ac_cv_env_CC_set=
ac_cv_env_CC_value=
ac_cv_env_CFLAGS_set=set
ac_cv_env_CFLAGS_value='-g3 -Wall -O0 '
ac_cv_env_CPPFLAGS_set=
ac_cv_env_CPPFLAGS_value=
ac_cv_env_CPP_set=
ac_cv_env_CPP_value=
ac_cv_env_LDFLAGS_set=
ac_cv_env_LDFLAGS_value=
ac_cv_env_LIBS_set=
ac_cv_env_LIBS_value=
ac_cv_env_build_alias_set=
ac_cv_env_build_alias_value=
ac_cv_env_host_alias_set=
ac_cv_env_host_alias_value=
ac_cv_env_target_alias_set=
ac_cv_env_target_alias_value=
ac_cv_header_dlfcn_h=yes
ac_cv_header_inttypes_h=yes
ac_cv_header_memory_h=yes
ac_cv_header_stdc=yes
ac_cv_header_stdint_h=yes
ac_cv_header_stdlib_h=yes
ac_cv_header_string_h=yes
ac_cv_header_strings_h=yes
ac_cv_header_sys_stat_h=yes
ac_cv_header_sys_types_h=yes
ac_cv_header_unistd_h=yes
ac_cv_host=i686-pc-linux-gnu
ac_cv_objext=o
ac_cv_path_EGREP='/bin/grep -E'
ac_cv_path_FGREP='/bin/grep -F'
ac_cv_path_GREP=/bin/grep
ac_cv_path_SED=/bin/sed
ac_cv_path_install='/usr/bin/install -c'
ac_cv_path_mkdir=/bin/mkdir
ac_cv_prog_AWK=gawk
ac_cv_prog_CPP='gcc -E'
ac_cv_prog_ac_ct_AR=ar
ac_cv_prog_ac_ct_CC=gcc
ac_cv_prog_ac_ct_OBJDUMP=objdump
ac_cv_prog_ac_ct_RANLIB=ranlib
ac_cv_prog_ac_ct_STRIP=strip
ac_cv_prog_cc_c89=
ac_cv_prog_cc_g=yes
ac_cv_prog_make_make_set=yes
am_cv_CC_dependencies_compiler_type=gcc3
lt_cv_deplibs_check_method=pass_all
lt_cv_file_magic_cmd='$MAGIC_CMD'
lt_cv_file_magic_test_file=
lt_cv_ld_reload_flag=-r
lt_cv_nm_interface='BSD nm'
lt_cv_objdir=.libs
lt_cv_path_LD=/usr/bin/ld
lt_cv_path_NM='/usr/bin/nm -B'
lt_cv_prog_compiler_c_o=yes
lt_cv_prog_compiler_pic_works=yes
lt_cv_prog_compiler_rtti_exceptions=no
lt_cv_prog_compiler_static_works=yes
lt_cv_prog_gnu_ld=yes
lt_cv_sys_global_symbol_pipe='sed -n -e '\''s/^.*[	 ]\([ABCDGIRSTW][ABCDGIRSTW]*\)[	 ][	 ]*\([_A-Za-z][_A-Za-z0-9]*\)$/\1 \2 \2/p'\'''
lt_cv_sys_global_symbol_to_c_name_address='sed -n -e '\''s/^: \([^ ]*\) $/  {\"\1\", (void *) 0},/p'\'' -e '\''s/^[ABCDGIRSTW]* \([^ ]*\) \([^ ]*\)$/  {"\2", (void *) \&\2},/p'\'''
lt_cv_sys_global_symbol_to_c_name_address_lib_prefix='sed -n -e '\''s/^: \([^ ]*\) $/  {\"\1\", (void *) 0},/p'\'' -e '\''s/^[ABCDGIRSTW]* \([^ ]*\) \(lib[^ ]*\)$/  {"\2", (void *) \&\2},/p'\'' -e '\''s/^[ABCDGIRSTW]* \([^ ]*\) \([^ ]*\)$/  {"lib\2", (void *) \&\2},/p'\'''
lt_cv_sys_global_symbol_to_cdecl='sed -n -e '\''s/^T .* \(.*\)$/extern int \1();/p'\'' -e '\''s/^[ABCDGIRSTW]* .* \(.*\)$/extern char \1;/p'\'''
lt_cv_sys_max_cmd_len=1572864

## ----------------- ##
## Output variables. ##
## ----------------- ##

ACLOCAL='${SHELL} /home/bf/bf_tmp/kmp/unfixKey-btree/missing --run aclocal-1.11'
AMDEPBACKSLASH='\'
AMDEP_FALSE='#'
AMDEP_TRUE=''
AMTAR='${SHELL} /home/bf/bf_tmp/kmp/unfixKey-btree/missing --run tar'
AR='ar'
AUTOCONF='${SHELL} /home/bf/bf_tmp/kmp/unfixKey-btree/missing --run autoconf'
AUTOHEADER='${SHELL} /home/bf/bf_tmp/kmp/unfixKey-btree/missing --run autoheader'
AUTOMAKE='${SHELL} /home/bf/bf_tmp/kmp/unfixKey-btree/missing --run automake-1.11'
AWK='gawk'
CC='gcc'
CCDEPMODE='depmode=gcc3'
CFLAGS='-g3 -Wall -O0 '
CPP='gcc -E'
CPPFLAGS=''
CYGPATH_W='echo'
DEFS='-DPACKAGE_NAME=\"btree\" -DPACKAGE_TARNAME=\"btree\" -DPACKAGE_VERSION=\"1.0\" -DPACKAGE_STRING=\"btree\ 1.0\" -DPACKAGE_BUGREPORT=\"baifanmvp@163.com\" -DPACKAGE_URL=\"\" -DPACKAGE=\"btree\" -DVERSION=\"1.0\" -DSTDC_HEADERS=1 -DHAVE_SYS_TYPES_H=1 -DHAVE_SYS_STAT_H=1 -DHAVE_STDLIB_H=1 -DHAVE_STRING_H=1 -DHAVE_MEMORY_H=1 -DHAVE_STRINGS_H=1 -DHAVE_INTTYPES_H=1 -DHAVE_STDINT_H=1 -DHAVE_UNISTD_H=1 -DHAVE_DLFCN_H=1 -DLT_OBJDIR=\".libs/\"'
DEPDIR='.deps'
DSYMUTIL=''
DUMPBIN=''
ECHO_C=''
ECHO_N='-n'
ECHO_T=''
EGREP='/bin/grep -E'
EXEEXT=''
FGREP='/bin/grep -F'
GREP='/bin/grep'
INSTALL_DATA='${INSTALL} -m 644'
INSTALL_PROGRAM='${INSTALL}'
INSTALL_SCRIPT='${INSTALL}'
INSTALL_STRIP_PROGRAM='$(install_sh) -c -s'
LD='/usr/bin/ld'
LDFLAGS=''
LIBOBJS=''
LIBS=''
LIBTOOL='$(SHELL) $(top_builddir)/libtool'
LIPO=''
LN_S='ln -s'
LTLIBOBJS=''
MAKEINFO='${SHELL} /home/bf/bf_tmp/kmp/unfixKey-btree/missing --run makeinfo'
MKDIR_P='/bin/mkdir -p'
NM='/usr/bin/nm -B'
NMEDIT=''
OBJDUMP='objdump'
OBJEXT='o'
OTOOL64=''
OTOOL=''
PACKAGE='btree'
PACKAGE_BUGREPORT='baifanmvp@163.com'
PACKAGE_NAME='btree'
PACKAGE_STRING='btree 1.0'
PACKAGE_TARNAME='btree'
PACKAGE_URL=''
PACKAGE_VERSION='1.0'
PATH_SEPARATOR=':'
RANLIB='ranlib'
SED='/bin/sed'
SET_MAKE=''
SHELL='/bin/bash'
STRIP='strip'
VERSION='1.0'
ac_ct_CC='gcc'
ac_ct_DUMPBIN=''
am__EXEEXT_FALSE=''
am__EXEEXT_TRUE='#'
am__fastdepCC_FALSE='#'
am__fastdepCC_TRUE=''
am__include='include'
am__isrc=''
am__leading_dot='.'
am__quote=''
am__tar='${AMTAR} chof - "$$tardir"'
am__untar='${AMTAR} xf -'
bindir='${exec_prefix}/bin'
build='i686-pc-linux-gnu'
build_alias=''
build_cpu='i686'
build_os='linux-gnu'
build_vendor='pc'
datadir='${datarootdir}'
datarootdir='${prefix}/share'
docdir='${datarootdir}/doc/${PACKAGE_TARNAME}'
dvidir='${docdir}'
exec_prefix='${prefix}'
host='i686-pc-linux-gnu'
host_alias=''
host_cpu='i686'
host_os='linux-gnu'
host_vendor='pc'
htmldir='${docdir}'
includedir='${prefix}/include'
infodir='${datarootdir}/info'
install_sh='${SHELL} /home/bf/bf_tmp/kmp/unfixKey-btree/install-sh'
libdir='${exec_prefix}/lib'
libexecdir='${exec_prefix}/libexec'
localedir='${datarootdir}/locale'
localstatedir='${prefix}/var'
lt_ECHO='echo'
mandir='${datarootdir}/man'
mkdir_p='/bin/mkdir -p'
oldincludedir='/usr/include'
pdfdir='${docdir}'
prefix='/usr/local'
program_transform_name='s,x,x,'
psdir='${docdir}'
sbindir='${exec_prefix}/sbin'
sharedstatedir='${prefix}/com'
sysconfdir='${prefix}/etc'
target_alias=''

## ----------- ##
## confdefs.h. ##
## ----------- ##

/* confdefs.h */
#define PACKAGE_NAME "btree"
#define PACKAGE_TARNAME "btree"
#define PACKAGE_VERSION "1.0"
#define PACKAGE_STRING "btree 1.0"
#define PACKAGE_BUGREPORT "baifanmvp@163.com"
#define PACKAGE_URL ""
#define PACKAGE "btree"
#define VERSION "1.0"
#define STDC_HEADERS 1
#define HAVE_SYS_TYPES_H 1
#define HAVE_SYS_STAT_H 1
#define HAVE_STDLIB_H 1
#define HAVE_STRING_H 1
#define HAVE_MEMORY_H 1
#define HAVE_STRINGS_H 1
#define HAVE_INTTYPES_H 1
#define HAVE_STDINT_H 1
#define HAVE_UNISTD_H 1
#define HAVE_DLFCN_H 1
#define LT_OBJDIR ".libs/"

configure: exit 0
